# JRE version: OpenJDK Runtime Environment Microsoft-11926163 (17.0.16+8) (build 17.0.16+8-LTS)
# Java VM: OpenJDK 64-Bit Server VM Microsoft-11926163 (17.0.16+8-LTS, mixed mode, sharing, tiered, compressed oops, compressed class ptrs, g1 gc, windows-amd64)
GC Precious Log:
 CPUs: 4 total, 4 available
 Memory: 8067M
 Large Page Support: Disabled
 NUMA Support: Disabled
 Compressed Oops: Enabled (32-bit)
 Heap Region Size: 1M
 Heap Min Capacity: 8M
 Heap Initial Capacity: 128M
 Heap Max Capacity: 2G
 Pre-touch: Disabled
 Parallel Workers: 4
 Concurrent Workers: 1
 Concurrent Refinement Workers: 4
 Periodic GC: Disabled
Heap:
 garbage-first heap   total 86016K, used 47746K [0x0000000080000000, 0x0000000100000000)
  region size 1024K, 25 young (25600K), 6 survivors (6144K)
 Metaspace       used 37025K, committed 37440K, reserved 491520K
  class space    used 5246K, committed 5440K, reserved 425984K
GC Heap History (18 events):
Event: 0.461 GC heap before
{Heap before GC invocations=0 (full 0):
 garbage-first heap   total 131072K, used 13312K [0x0000000080000000, 0x0000000100000000)
  region size 1024K, 13 young (13312K), 0 survivors (0K)
 Metaspace       used 763K, committed 896K, reserved 491520K
  class space    used 61K, committed 128K, reserved 425984K
}
Event: 0.463 GC heap after
{Heap after GC invocations=1 (full 0):
 garbage-first heap   total 131072K, used 1237K [0x0000000080000000, 0x0000000100000000)
  region size 1024K, 2 young (2048K), 2 survivors (2048K)
 Metaspace       used 763K, committed 896K, reserved 491520K
  class space    used 61K, committed 128K, reserved 425984K
}
Event: 1.155 GC heap before
{Heap before GC invocations=1 (full 0):
 garbage-first heap   total 131072K, used 22741K [0x0000000080000000, 0x0000000100000000)
  region size 1024K, 21 young (21504K), 2 survivors (2048K)
 Metaspace       used 2194K, committed 2368K, reserved 491520K
  class space    used 230K, committed 320K, reserved 425984K
}
Event: 1.160 GC heap after
{Heap after GC invocations=2 (full 0):
 garbage-first heap   total 131072K, used 9514K [0x0000000080000000, 0x0000000100000000)
  region size 1024K, 3 young (3072K), 3 survivors (3072K)
 Metaspace       used 2194K, committed 2368K, reserved 491520K
  class space    used 230K, committed 320K, reserved 425984K
}
Event: 3.394 GC heap before
{Heap before GC invocations=2 (full 0):
 garbage-first heap   total 131072K, used 86314K [0x0000000080000000, 0x0000000100000000)
  region size 1024K, 76 young (77824K), 3 survivors (3072K)
 Metaspace       used 5078K, committed 5312K, reserved 491520K
  class space    used 656K, committed 768K, reserved 425984K
}
Event: 3.401 GC heap after
{Heap after GC invocations=3 (full 0):
 garbage-first heap   total 131072K, used 16061K [0x0000000080000000, 0x0000000100000000)
  region size 1024K, 9 young (9216K), 9 survivors (9216K)
 Metaspace       used 5078K, committed 5312K, reserved 491520K
  class space    used 656K, committed 768K, reserved 425984K
}
Event: 5.507 GC heap before
{Heap before GC invocations=3 (full 0):
 garbage-first heap   total 131072K, used 84669K [0x0000000080000000, 0x0000000100000000)
  region size 1024K, 76 young (77824K), 9 survivors (9216K)
 Metaspace       used 16748K, committed 16960K, reserved 491520K
  class space    used 2339K, committed 2432K, reserved 425984K
}
Event: 5.520 GC heap after
{Heap after GC invocations=4 (full 0):
 garbage-first heap   total 131072K, used 21132K [0x0000000080000000, 0x0000000100000000)
  region size 1024K, 6 young (6144K), 6 survivors (6144K)
 Metaspace       used 16748K, committed 16960K, reserved 491520K
  class space    used 2339K, committed 2432K, reserved 425984K
}
Event: 6.211 GC heap before
{Heap before GC invocations=4 (full 0):
 garbage-first heap   total 131072K, used 53900K [0x0000000080000000, 0x0000000100000000)
  region size 1024K, 38 young (38912K), 6 survivors (6144K)
 Metaspace       used 21183K, committed 21504K, reserved 491520K
  class space    used 2929K, committed 3136K, reserved 425984K
}
Event: 6.219 GC heap after
{Heap after GC invocations=5 (full 0):
 garbage-first heap   total 131072K, used 22911K [0x0000000080000000, 0x0000000100000000)
  region size 1024K, 7 young (7168K), 7 survivors (7168K)
 Metaspace       used 21183K, committed 21504K, reserved 491520K
  class space    used 2929K, committed 3136K, reserved 425984K
}
Event: 7.233 GC heap before
{Heap before GC invocations=6 (full 0):
 garbage-first heap   total 86016K, used 66943K [0x0000000080000000, 0x0000000100000000)
  region size 1024K, 50 young (51200K), 7 survivors (7168K)
 Metaspace       used 26379K, committed 26688K, reserved 491520K
  class space    used 3744K, committed 3904K, reserved 425984K
}
Event: 7.243 GC heap after
{Heap after GC invocations=7 (full 0):
 garbage-first heap   total 86016K, used 24801K [0x0000000080000000, 0x0000000100000000)
  region size 1024K, 4 young (4096K), 4 survivors (4096K)
 Metaspace       used 26379K, committed 26688K, reserved 491520K
  class space    used 3744K, committed 3904K, reserved 425984K
}
Event: 7.257 GC heap before
{Heap before GC invocations=7 (full 0):
 garbage-first heap   total 86016K, used 25825K [0x0000000080000000, 0x0000000100000000)
  region size 1024K, 5 young (5120K), 4 survivors (4096K)
 Metaspace       used 26462K, committed 26752K, reserved 491520K
  class space    used 3757K, committed 3904K, reserved 425984K
}
Event: 7.263 GC heap after
{Heap after GC invocations=8 (full 0):
 garbage-first heap   total 86016K, used 25616K [0x0000000080000000, 0x0000000100000000)
  region size 1024K, 1 young (1024K), 1 survivors (1024K)
 Metaspace       used 26462K, committed 26752K, reserved 491520K
  class space    used 3757K, committed 3904K, reserved 425984K
}
Event: 8.373 GC heap before
{Heap before GC invocations=8 (full 0):
 garbage-first heap   total 86016K, used 65552K [0x0000000080000000, 0x0000000100000000)
  region size 1024K, 41 young (41984K), 1 survivors (1024K)
 Metaspace       used 32605K, committed 33024K, reserved 491520K
  class space    used 4535K, committed 4736K, reserved 425984K
}
Event: 8.379 GC heap after
{Heap after GC invocations=9 (full 0):
 garbage-first heap   total 86016K, used 27695K [0x0000000080000000, 0x0000000100000000)
  region size 1024K, 3 young (3072K), 3 survivors (3072K)
 Metaspace       used 32605K, committed 33024K, reserved 491520K
  class space    used 4535K, committed 4736K, reserved 425984K
}
Event: 8.930 GC heap before
{Heap before GC invocations=9 (full 0):
 garbage-first heap   total 86016K, used 60463K [0x0000000080000000, 0x0000000100000000)
  region size 1024K, 36 young (36864K), 3 survivors (3072K)
 Metaspace       used 35690K, committed 36096K, reserved 491520K
  class space    used 5042K, committed 5248K, reserved 425984K
}
Event: 8.938 GC heap after
{Heap after GC invocations=10 (full 0):
 garbage-first heap   total 86016K, used 30338K [0x0000000080000000, 0x0000000100000000)
  region size 1024K, 6 young (6144K), 6 survivors (6144K)
 Metaspace       used 35690K, committed 36096K, reserved 491520K
  class space    used 5042K, committed 5248K, reserved 425984K
}

